SF:/home/andrepostiga/MyProjects/FakeOmmerce-api/FakeOmmerceAPI/src/Database/MongoDbConfig.cs
FN:4,System.String FakeOmmerce.MongoDbConfig::get_Database()
FNDA:0,System.String FakeOmmerce.MongoDbConfig::get_Database()
DA:5,0
FN:5,System.String FakeOmmerce.MongoDbConfig::get_Host()
FNDA:0,System.String FakeOmmerce.MongoDbConfig::get_Host()
DA:6,0
FN:6,System.String FakeOmmerce.MongoDbConfig::get_Port()
FNDA:0,System.String FakeOmmerce.MongoDbConfig::get_Port()
DA:7,0
FN:7,System.String FakeOmmerce.MongoDbConfig::get_User()
FNDA:0,System.String FakeOmmerce.MongoDbConfig::get_User()
DA:8,0
FN:8,System.String FakeOmmerce.MongoDbConfig::get_Password()
FNDA:0,System.String FakeOmmerce.MongoDbConfig::get_Password()
DA:9,0
FN:12,System.String FakeOmmerce.MongoDbConfig::get_ConnectionString()
FNDA:0,System.String FakeOmmerce.MongoDbConfig::get_ConnectionString()
DA:13,0
DA:14,0
DA:15,0
DA:16,0
DA:19,0
DA:20,0
BRDA:14,12,0,0
BRDA:14,12,1,0
BRDA:14,30,0,0
BRDA:14,30,1,0
LF:11
LH:0
BRF:4
BRH:0
FNF:6
FNH:0
end_of_record
SF:/home/andrepostiga/MyProjects/FakeOmmerce-api/FakeOmmerceAPI/src/Database/ServerConfig.cs
FN:4,FakeOmmerce.MongoDbConfig FakeOmmerce.ServerConfig::get_MongoDB()
FNDA:0,FakeOmmerce.MongoDbConfig FakeOmmerce.ServerConfig::get_MongoDB()
DA:5,0
LF:1
LH:0
BRF:0
BRH:0
FNF:1
FNH:0
end_of_record
SF:/home/andrepostiga/MyProjects/FakeOmmerce-api/FakeOmmerceAPI/src/Program.cs
FN:14,System.Void FakeOmmerce.Program::Main(System.String[])
FNDA:0,System.Void FakeOmmerce.Program::Main(System.String[])
DA:15,0
DA:16,0
DA:17,0
FN:19,Microsoft.Extensions.Hosting.IHostBuilder FakeOmmerce.Program::CreateHostBuilder(System.String[])
FNDA:0,Microsoft.Extensions.Hosting.IHostBuilder FakeOmmerce.Program::CreateHostBuilder(System.String[])
DA:20,0
DA:21,0
DA:22,0
DA:23,0
DA:24,0
LF:8
LH:0
BRF:0
BRH:0
FNF:2
FNH:0
end_of_record
SF:/home/andrepostiga/MyProjects/FakeOmmerce-api/FakeOmmerceAPI/src/Startup.cs
FN:19,Microsoft.Extensions.Configuration.IConfiguration FakeOmmerce.Startup::get_Configuration()
FNDA:0,Microsoft.Extensions.Configuration.IConfiguration FakeOmmerce.Startup::get_Configuration()
DA:20,0
FN:23,System.Void FakeOmmerce.Startup::ConfigureServices(Microsoft.Extensions.DependencyInjection.IServiceCollection)
FNDA:0,System.Void FakeOmmerce.Startup::ConfigureServices(Microsoft.Extensions.DependencyInjection.IServiceCollection)
DA:24,0
DA:25,0
DA:26,0
DA:28,0
DA:29,0
DA:30,0
DA:31,0
DA:33,0
DA:34,0
DA:35,0
DA:36,0
DA:37,0
DA:38,0
DA:39,0
DA:40,0
DA:41,0
DA:42,0
DA:45,0
DA:46,0
DA:48,0
DA:49,0
DA:50,0
FN:53,System.Void FakeOmmerce.Startup::Configure(Microsoft.AspNetCore.Builder.IApplicationBuilder,Microsoft.AspNetCore.Hosting.IWebHostEnvironment)
FNDA:0,System.Void FakeOmmerce.Startup::Configure(Microsoft.AspNetCore.Builder.IApplicationBuilder,Microsoft.AspNetCore.Hosting.IWebHostEnvironment)
DA:54,0
DA:55,0
DA:56,0
DA:57,0
DA:58,0
DA:60,0
DA:62,0
DA:64,0
DA:65,0
DA:66,0
DA:67,0
DA:68,0
BRDA:55,9,0,0
BRDA:55,9,1,0
FN:14,System.Void FakeOmmerce.Startup::.ctor(Microsoft.Extensions.Configuration.IConfiguration)
FNDA:0,System.Void FakeOmmerce.Startup::.ctor(Microsoft.Extensions.Configuration.IConfiguration)
DA:15,0
DA:16,0
DA:17,0
DA:18,0
LF:39
LH:0
BRF:2
BRH:0
FNF:4
FNH:0
end_of_record
SF:/home/andrepostiga/MyProjects/FakeOmmerce-api/FakeOmmerceAPI/src/Repository/ProductRepository.cs
FN:15,System.Void FakeOmmerce.Repository.ProductRepository::.ctor(FakeOmmerce.Data.IProductContext)
FNDA:0,System.Void FakeOmmerce.Repository.ProductRepository::.ctor(FakeOmmerce.Data.IProductContext)
DA:16,0
DA:17,0
DA:18,0
DA:19,0
FN:21,System.Void FakeOmmerce.Repository.ProductRepository/<FindAll>d__2::MoveNext()
FNDA:0,System.Void FakeOmmerce.Repository.ProductRepository/<FindAll>d__2::MoveNext()
DA:22,0
DA:23,0
DA:24,0
DA:25,0
DA:26,0
DA:27,0
DA:29,0
DA:30,0
DA:32,0
DA:33,0
FN:35,System.Void FakeOmmerce.Repository.ProductRepository/<FindById>d__3::MoveNext()
FNDA:0,System.Void FakeOmmerce.Repository.ProductRepository/<FindById>d__3::MoveNext()
DA:36,0
DA:37,0
DA:38,0
DA:39,0
DA:40,0
DA:43,0
DA:44,0
BRDA:38,333,0,0
BRDA:38,333,1,0
FN:46,System.Void FakeOmmerce.Repository.ProductRepository/<Create>d__4::MoveNext()
FNDA:0,System.Void FakeOmmerce.Repository.ProductRepository/<Create>d__4::MoveNext()
DA:47,0
DA:48,0
DA:49,0
DA:50,0
DA:51,0
DA:54,0
DA:55,0
DA:56,0
BRDA:49,340,0,0
BRDA:49,340,1,0
FN:58,System.Void FakeOmmerce.Repository.ProductRepository/<UpdateById>d__5::MoveNext()
FNDA:0,System.Void FakeOmmerce.Repository.ProductRepository/<UpdateById>d__5::MoveNext()
DA:59,0
DA:60,0
DA:62,0
DA:63,0
DA:64,0
DA:65,0
DA:66,0
DA:67,0
DA:68,0
DA:69,0
DA:71,0
DA:73,0
DA:74,0
DA:75,0
BRDA:63,340,0,0
BRDA:63,340,1,0
BRDA:63,442,0,0
BRDA:63,442,1,0
BRDA:63,553,0,0
BRDA:63,553,1,0
BRDA:63,655,0,0
BRDA:63,655,1,0
BRDA:63,757,0,0
BRDA:63,757,1,0
BRDA:63,859,0,0
BRDA:63,859,1,0
FN:77,System.Void FakeOmmerce.Repository.ProductRepository/<DeleteById>d__6::MoveNext()
FNDA:0,System.Void FakeOmmerce.Repository.ProductRepository/<DeleteById>d__6::MoveNext()
DA:78,0
DA:79,0
DA:80,0
DA:81,0
DA:82,0
DA:85,0
DA:86,0
DA:87,0
BRDA:80,344,0,0
BRDA:80,344,1,0
LF:51
LH:0
BRF:18
BRH:0
FNF:6
FNH:0
end_of_record
SF:/home/andrepostiga/MyProjects/FakeOmmerce-api/FakeOmmerceAPI/src/Models/FilterParameters.cs
FN:27,MongoDB.Driver.FilterDefinition`1<FakeOmmerce.Models.Product> FakeOmmerce.Models.FilterParameters::makeFilters()
FNDA:3,MongoDB.Driver.FilterDefinition`1<FakeOmmerce.Models.Product> FakeOmmerce.Models.FilterParameters::makeFilters()
DA:28,3
DA:30,3
DA:31,3
DA:32,3
DA:33,3
DA:34,3
DA:36,3
DA:37,3
DA:38,3
DA:39,3
DA:41,3
DA:42,3
BRDA:36,483,0,3
BRDA:36,483,1,3
FN:15,System.Void FakeOmmerce.Models.FilterParameters::.ctor(System.Collections.Generic.List`1<System.String>,System.String,System.String,System.Double,System.Double)
FNDA:6,System.Void FakeOmmerce.Models.FilterParameters::.ctor(System.Collections.Generic.List`1<System.String>,System.String,System.String,System.Double,System.Double)
DA:16,6
DA:17,6
DA:18,6
DA:19,6
DA:20,6
DA:21,6
DA:22,6
DA:23,6
FN:24,System.Void FakeOmmerce.Models.FilterParameters::.ctor()
FNDA:3,System.Void FakeOmmerce.Models.FilterParameters::.ctor()
DA:25,3
DA:26,6
LF:22
LH:22
BRF:2
BRH:2
FNF:3
FNH:3
end_of_record
SF:/home/andrepostiga/MyProjects/FakeOmmerce-api/FakeOmmerceAPI/src/Models/MongoEntity.cs
FN:14,MongoDB.Bson.ObjectId FakeOmmerce.Models.MongoEntity::get_InternalId()
FNDA:15,MongoDB.Bson.ObjectId FakeOmmerce.Models.MongoEntity::get_InternalId()
DA:15,15
FN:16,System.Void FakeOmmerce.Models.MongoEntity::set_InternalId(MongoDB.Bson.ObjectId)
FNDA:21,System.Void FakeOmmerce.Models.MongoEntity::set_InternalId(MongoDB.Bson.ObjectId)
DA:17,21
DA:18,21
DA:19,21
DA:20,21
FN:24,System.String FakeOmmerce.Models.MongoEntity::get_Id()
FNDA:6,System.String FakeOmmerce.Models.MongoEntity::get_Id()
DA:25,6
FN:26,System.Void FakeOmmerce.Models.MongoEntity::set_Id(System.String)
FNDA:9,System.Void FakeOmmerce.Models.MongoEntity::set_Id(System.String)
DA:27,9
DA:28,9
DA:29,3
DA:30,3
DA:32,6
DA:33,6
DA:34,6
BRDA:28,12,0,3
BRDA:28,12,1,6
FN:50,System.Boolean FakeOmmerce.Models.MongoEntity::IsValidObjId(System.String)
FNDA:21,System.Boolean FakeOmmerce.Models.MongoEntity::IsValidObjId(System.String)
DA:51,21
DA:52,21
DA:53,21
DA:54,9
DA:55,9
DA:58,12
DA:59,21
BRDA:53,16,0,9
BRDA:53,16,1,12
FN:61,MongoDB.Bson.ObjectId FakeOmmerce.Models.MongoEntity::ValidateAndParseObjId(System.String)
FNDA:6,MongoDB.Bson.ObjectId FakeOmmerce.Models.MongoEntity::ValidateAndParseObjId(System.String)
DA:62,6
DA:63,6
DA:64,3
DA:65,3
DA:68,3
DA:69,3
BRDA:63,12,0,3
BRDA:63,12,1,3
FN:36,System.Void FakeOmmerce.Models.MongoEntity::.ctor(System.String)
FNDA:3,System.Void FakeOmmerce.Models.MongoEntity::.ctor(System.String)
DA:37,3
DA:38,3
DA:39,3
DA:40,3
FN:41,System.Void FakeOmmerce.Models.MongoEntity::.ctor(MongoDB.Bson.ObjectId)
FNDA:15,System.Void FakeOmmerce.Models.MongoEntity::.ctor(MongoDB.Bson.ObjectId)
DA:42,15
DA:43,15
DA:44,15
DA:45,15
FN:46,System.Void FakeOmmerce.Models.MongoEntity::.ctor()
FNDA:57,System.Void FakeOmmerce.Models.MongoEntity::.ctor()
DA:47,57
DA:48,114
LF:36
LH:36
BRF:6
BRH:6
FNF:9
FNH:9
end_of_record
SF:/home/andrepostiga/MyProjects/FakeOmmerce-api/FakeOmmerceAPI/src/Models/Product.cs
FN:19,System.String FakeOmmerce.Models.Product::get_Name()
FNDA:60,System.String FakeOmmerce.Models.Product::get_Name()
DA:20,60
FN:23,System.Double FakeOmmerce.Models.Product::get_Price()
FNDA:18,System.Double FakeOmmerce.Models.Product::get_Price()
DA:24,18
FN:25,System.Void FakeOmmerce.Models.Product::set_Price(System.Double)
FNDA:18,System.Void FakeOmmerce.Models.Product::set_Price(System.Double)
DA:26,18
DA:27,18
DA:28,3
DA:29,3
DA:32,15
DA:33,15
BRDA:27,15,0,3
BRDA:27,15,1,15
FN:35,System.String FakeOmmerce.Models.Product::get_Brand()
FNDA:33,System.String FakeOmmerce.Models.Product::get_Brand()
DA:36,33
FN:37,System.String FakeOmmerce.Models.Product::get_Description()
FNDA:33,System.String FakeOmmerce.Models.Product::get_Description()
DA:38,33
FN:41,System.Collections.Generic.HashSet`1<System.String> FakeOmmerce.Models.Product::get_Images()
FNDA:21,System.Collections.Generic.HashSet`1<System.String> FakeOmmerce.Models.Product::get_Images()
DA:42,21
FN:43,System.Void FakeOmmerce.Models.Product::set_Images(System.Collections.Generic.HashSet`1<System.String>)
FNDA:27,System.Void FakeOmmerce.Models.Product::set_Images(System.Collections.Generic.HashSet`1<System.String>)
DA:44,27
DA:45,27
DA:46,3
DA:47,3
DA:50,18
DA:51,18
BRDA:45,13,0,3
BRDA:45,13,1,18
FN:56,System.Collections.Generic.HashSet`1<System.String> FakeOmmerce.Models.Product::get_Categories()
FNDA:18,System.Collections.Generic.HashSet`1<System.String> FakeOmmerce.Models.Product::get_Categories()
DA:57,18
FN:58,System.Void FakeOmmerce.Models.Product::set_Categories(System.Collections.Generic.HashSet`1<System.String>)
FNDA:18,System.Void FakeOmmerce.Models.Product::set_Categories(System.Collections.Generic.HashSet`1<System.String>)
DA:59,18
DA:60,18
DA:61,3
DA:62,3
DA:65,15
DA:66,87
DA:67,21
DA:68,21
DA:69,21
DA:71,15
DA:72,15
BRDA:60,13,0,3
BRDA:60,13,1,15
BRDA:66,74,1,21
BRDA:66,74,0,15
FN:117,System.Boolean FakeOmmerce.Models.Product::isValidCategories(System.Collections.Generic.HashSet`1<System.String>)
FNDA:18,System.Boolean FakeOmmerce.Models.Product::isValidCategories(System.Collections.Generic.HashSet`1<System.String>)
DA:118,18
DA:119,105
DA:120,27
DA:121,27
DA:122,3
DA:123,3
DA:125,24
DA:126,15
DA:127,18
BRDA:119,55,1,27
BRDA:121,40,0,3
BRDA:121,40,1,24
BRDA:119,55,0,15
FN:128,System.Boolean FakeOmmerce.Models.Product::isValidImages(System.Collections.Generic.HashSet`1<System.String>)
FNDA:27,System.Boolean FakeOmmerce.Models.Product::isValidImages(System.Collections.Generic.HashSet`1<System.String>)
DA:129,27
DA:130,27
DA:131,9
DA:132,9
DA:135,135
DA:136,45
DA:137,45
DA:140,45
DA:141,45
DA:142,42
DA:143,42
DA:145,42
DA:146,39
DA:147,39
DA:148,39
DA:149,39
DA:150,39
DA:151,39
DA:152,6
DA:153,6
DA:154,6
DA:157,39
DA:158,36
DA:159,36
DA:162,3
DA:163,3
DA:167,9
DA:168,21
BRDA:130,12,0,9
BRDA:130,12,1,18
BRDA:135,161,1,45
BRDA:142,66,0,42
BRDA:146,87,0,39
BRDA:146,87,1,39
BRDA:142,66,1,39
BRDA:157,144,0,36
BRDA:157,144,1,3
BRDA:135,161,0,9
FN:169,System.String FakeOmmerce.Models.Product::capitalizeStrings(System.String)
FNDA:66,System.String FakeOmmerce.Models.Product::capitalizeStrings(System.String)
DA:170,66
DA:171,66
DA:173,66
DA:174,66
DA:175,66
DA:176,15
DA:177,15
DA:178,15
DA:179,66
DA:183,1302
DA:184,585
DA:185,585
DA:186,75
DA:187,75
DA:188,21
DA:189,21
DA:190,21
DA:191,75
DA:192,585
DA:193,66
DA:194,66
BRDA:173,19,0,66
BRDA:175,32,0,15
BRDA:175,32,1,66
BRDA:173,19,1,66
BRDA:183,112,1,585
BRDA:185,66,0,75
BRDA:187,81,0,21
BRDA:187,81,1,75
BRDA:185,66,1,585
BRDA:183,112,0,66
FN:196,System.Boolean FakeOmmerce.Models.Product::Equals(System.Object)
FNDA:6,System.Boolean FakeOmmerce.Models.Product::Equals(System.Object)
DA:197,6
DA:198,6
DA:199,6
DA:200,6
FN:201,System.Int32 FakeOmmerce.Models.Product::GetHashCode()
FNDA:3,System.Int32 FakeOmmerce.Models.Product::GetHashCode()
DA:202,3
DA:203,3
DA:204,3
FN:74,System.Void FakeOmmerce.Models.Product::.ctor()
FNDA:51,System.Void FakeOmmerce.Models.Product::.ctor()
DA:75,51
DA:76,102
FN:85,System.Void FakeOmmerce.Models.Product::.ctor(MongoDB.Bson.ObjectId,System.String,System.Collections.Generic.HashSet`1<System.String>,System.Collections.Generic.HashSet`1<System.String>,System.Double,System.String,System.String)
FNDA:3,System.Void FakeOmmerce.Models.Product::.ctor(MongoDB.Bson.ObjectId,System.String,System.Collections.Generic.HashSet`1<System.String>,System.Collections.Generic.HashSet`1<System.String>,System.Double,System.String,System.String)
DA:86,3
DA:87,3
DA:88,3
DA:89,3
DA:90,3
DA:91,3
DA:92,3
DA:93,3
DA:94,3
FN:95,System.Void FakeOmmerce.Models.Product::.ctor(FakeOmmerce.Models.ProductDTO)
FNDA:6,System.Void FakeOmmerce.Models.Product::.ctor(FakeOmmerce.Models.ProductDTO)
DA:96,6
DA:97,6
DA:98,6
DA:99,6
DA:100,6
DA:101,6
DA:102,6
DA:103,6
DA:104,6
BRDA:102,77,0,3
BRDA:102,77,1,3
FN:105,System.Void FakeOmmerce.Models.Product::.ctor(MongoDB.Bson.ObjectId,FakeOmmerce.Models.ProductDTO)
FNDA:6,System.Void FakeOmmerce.Models.Product::.ctor(MongoDB.Bson.ObjectId,FakeOmmerce.Models.ProductDTO)
DA:106,6
DA:107,6
DA:108,6
DA:109,6
DA:110,6
DA:111,6
DA:112,6
DA:113,6
DA:114,6
BRDA:112,73,0,0
BRDA:112,73,1,6
LF:123
LH:123
BRF:36
BRH:35
FNF:18
FNH:18
end_of_record
SF:/home/andrepostiga/MyProjects/FakeOmmerce-api/FakeOmmerceAPI/src/Models/ProductDTO.cs
FN:7,System.String FakeOmmerce.Models.ProductDTO::get_Id()
FNDA:6,System.String FakeOmmerce.Models.ProductDTO::get_Id()
DA:8,6
FN:10,System.String FakeOmmerce.Models.ProductDTO::get_Name()
FNDA:30,System.String FakeOmmerce.Models.ProductDTO::get_Name()
DA:11,30
FN:13,System.Double FakeOmmerce.Models.ProductDTO::get_Price()
FNDA:30,System.Double FakeOmmerce.Models.ProductDTO::get_Price()
DA:14,30
FN:16,System.String FakeOmmerce.Models.ProductDTO::get_Brand()
FNDA:30,System.String FakeOmmerce.Models.ProductDTO::get_Brand()
DA:17,30
FN:18,System.String FakeOmmerce.Models.ProductDTO::get_Description()
FNDA:30,System.String FakeOmmerce.Models.ProductDTO::get_Description()
DA:19,30
FN:21,System.Collections.Generic.List`1<System.String> FakeOmmerce.Models.ProductDTO::get_Categories()
FNDA:30,System.Collections.Generic.List`1<System.String> FakeOmmerce.Models.ProductDTO::get_Categories()
DA:22,30
FN:23,System.Collections.Generic.List`1<System.String> FakeOmmerce.Models.ProductDTO::get_Images()
FNDA:39,System.Collections.Generic.List`1<System.String> FakeOmmerce.Models.ProductDTO::get_Images()
DA:24,39
LF:7
LH:7
BRF:0
BRH:0
FNF:7
FNH:7
end_of_record
SF:/home/andrepostiga/MyProjects/FakeOmmerce-api/FakeOmmerceAPI/src/Errors/BadRequestException.cs
FN:6,System.Void FakeOmmerce.Errors.BadRequestException::.ctor(System.String)
FNDA:15,System.Void FakeOmmerce.Errors.BadRequestException::.ctor(System.String)
DA:7,15
DA:8,15
DA:10,15
LF:3
LH:3
BRF:0
BRH:0
FNF:1
FNH:1
end_of_record
SF:/home/andrepostiga/MyProjects/FakeOmmerce-api/FakeOmmerceAPI/src/Errors/CannotValidateException.cs
FN:6,System.Void FakeOmmerce.Errors.CannotValidateException::.ctor(System.String)
FNDA:6,System.Void FakeOmmerce.Errors.CannotValidateException::.ctor(System.String)
DA:7,6
DA:8,6
DA:10,6
LF:3
LH:3
BRF:0
BRH:0
FNF:1
FNH:1
end_of_record
SF:/home/andrepostiga/MyProjects/FakeOmmerce-api/FakeOmmerceAPI/src/Errors/ConflictException.cs
FN:6,System.Void FakeOmmerce.Errors.ConflictException::.ctor(System.String)
FNDA:0,System.Void FakeOmmerce.Errors.ConflictException::.ctor(System.String)
DA:7,0
DA:8,0
DA:10,0
LF:3
LH:0
BRF:0
BRH:0
FNF:1
FNH:0
end_of_record
SF:/home/andrepostiga/MyProjects/FakeOmmerce-api/FakeOmmerceAPI/src/Errors/HttpError.cs
FN:7,System.Object FakeOmmerce.Errors.HttpError::get_HttpErrorResponse()
FNDA:21,System.Object FakeOmmerce.Errors.HttpError::get_HttpErrorResponse()
DA:8,21
FN:9,System.Void FakeOmmerce.Errors.HttpError::.ctor(System.String,System.Net.HttpStatusCode)
FNDA:21,System.Void FakeOmmerce.Errors.HttpError::.ctor(System.String,System.Net.HttpStatusCode)
DA:10,21
DA:11,21
DA:12,21
DA:13,21
DA:14,21
DA:15,21
DA:16,21
LF:8
LH:8
BRF:0
BRH:0
FNF:2
FNH:2
end_of_record
SF:/home/andrepostiga/MyProjects/FakeOmmerce-api/FakeOmmerceAPI/src/Errors/NotFoundException.cs
FN:6,System.Void FakeOmmerce.Errors.NotFoundException::.ctor(System.String)
FNDA:0,System.Void FakeOmmerce.Errors.NotFoundException::.ctor(System.String)
DA:7,0
DA:8,0
DA:10,0
LF:3
LH:0
BRF:0
BRH:0
FNF:1
FNH:0
end_of_record
SF:/home/andrepostiga/MyProjects/FakeOmmerce-api/FakeOmmerceAPI/src/Controllers/ProductController.cs
FN:18,System.Void FakeOmmerce.Controllers.ProductController::.ctor(FakeOmmerce.Repository.IProductRepository)
FNDA:0,System.Void FakeOmmerce.Controllers.ProductController::.ctor(FakeOmmerce.Repository.IProductRepository)
DA:19,0
DA:20,0
DA:21,0
DA:22,0
FN:33,System.Void FakeOmmerce.Controllers.ProductController/<Get>d__2::MoveNext()
FNDA:0,System.Void FakeOmmerce.Controllers.ProductController/<Get>d__2::MoveNext()
DA:34,0
DA:35,0
DA:36,0
DA:37,0
DA:38,0
DA:39,0
DA:40,0
DA:41,0
DA:44,0
DA:45,0
DA:46,0
DA:48,0
DA:49,0
DA:51,0
DA:54,0
BRDA:35,29,0,0
BRDA:35,29,1,0
BRDA:35,44,0,0
BRDA:35,44,1,0
FN:58,System.Void FakeOmmerce.Controllers.ProductController/<GetById>d__3::MoveNext()
FNDA:0,System.Void FakeOmmerce.Controllers.ProductController/<GetById>d__3::MoveNext()
DA:59,0
DA:61,0
DA:62,0
DA:63,0
DA:64,0
DA:66,0
DA:67,0
DA:68,0
DA:70,0
DA:71,0
DA:72,0
DA:74,0
DA:75,0
DA:76,0
DA:78,0
FN:81,System.Void FakeOmmerce.Controllers.ProductController/<Post>d__4::MoveNext()
FNDA:0,System.Void FakeOmmerce.Controllers.ProductController/<Post>d__4::MoveNext()
DA:82,0
DA:83,0
DA:84,0
DA:85,0
DA:89,0
DA:90,0
DA:91,0
DA:92,0
DA:94,0
DA:95,0
DA:96,0
DA:98,0
DA:99,0
DA:100,0
DA:102,0
DA:103,0
DA:104,0
DA:106,0
DA:107,0
DA:108,0
DA:111,0
BRDA:83,36,0,0
BRDA:83,36,1,0
FN:115,System.Void FakeOmmerce.Controllers.ProductController/<Put>d__5::MoveNext()
FNDA:0,System.Void FakeOmmerce.Controllers.ProductController/<Put>d__5::MoveNext()
DA:116,0
DA:118,0
DA:119,0
DA:120,0
DA:121,0
DA:122,0
DA:124,0
DA:125,0
DA:126,0
DA:128,0
DA:129,0
DA:130,0
DA:132,0
DA:133,0
DA:134,0
DA:136,0
FN:140,System.Void FakeOmmerce.Controllers.ProductController/<Delete>d__6::MoveNext()
FNDA:0,System.Void FakeOmmerce.Controllers.ProductController/<Delete>d__6::MoveNext()
DA:141,0
DA:143,0
DA:144,0
DA:145,0
DA:146,0
DA:148,0
DA:149,0
DA:150,0
DA:152,0
DA:153,0
DA:154,0
DA:156,0
DA:157,0
DA:158,0
DA:160,0
LF:86
LH:0
BRF:6
BRH:0
FNF:6
FNH:0
end_of_record
SF:/home/andrepostiga/MyProjects/FakeOmmerce-api/FakeOmmerceAPI/src/Context/ProductContext.cs
FN:16,MongoDB.Driver.IMongoCollection`1<FakeOmmerce.Models.Product> FakeOmmerce.Data.ProductContext::get_Products()
FNDA:0,MongoDB.Driver.IMongoCollection`1<FakeOmmerce.Models.Product> FakeOmmerce.Data.ProductContext::get_Products()
DA:17,0
FN:10,System.Void FakeOmmerce.Data.ProductContext::.ctor(FakeOmmerce.MongoDbConfig)
FNDA:0,System.Void FakeOmmerce.Data.ProductContext::.ctor(FakeOmmerce.MongoDbConfig)
DA:11,0
DA:12,0
DA:13,0
DA:14,0
DA:15,0
LF:6
LH:0
BRF:0
BRH:0
FNF:2
FNH:0
end_of_record